Version: 2.2.0+a000faa
Log file for segmentation FastSurferCNN/run_prediction.py
Mon May  6 23:15:42 EDT 2024

/opt/anaconda3/envs/MIA_MRI/bin/python /Users/sampathrapuri/Desktop/fast/FastSurfer/FastSurferCNN/run_prediction.py --t1 /Users/sampathrapuri/Desktop/fast/MIA_test/subject_54_t1w_reg.nii.gz --asegdkt_segfile /Users/sampathrapuri/Desktop/fast/MIA_test/54/mri/aparc.DKTatlas+aseg.deep.mgz --conformed_name /Users/sampathrapuri/Desktop/fast/MIA_test/54/mri/orig.mgz --brainmask_name /Users/sampathrapuri/Desktop/fast/MIA_test/54/mri/mask.mgz --aseg_name /Users/sampathrapuri/Desktop/fast/MIA_test/54/mri/aseg.auto_noCCseg.mgz --sid 54 --seg_log /Users/sampathrapuri/Desktop/fast/MIA_test/54/scripts/deep-seg.log --vox_size min --batch_size 1 --viewagg_device auto --device auto 
[INFO: run_prediction.py:  546]: Checking or downloading default checkpoints ...
[INFO: common.py:  111]: Using device: mps
[INFO: common.py:  111]: Using viewagg_device: mps
[INFO: run_prediction.py:  234]: Running view aggregation on mps
[INFO: inference.py:  200]: Loading checkpoint /Users/sampathrapuri/Desktop/fast/FastSurfer/checkpoints/aparc_vinn_coronal_v2.0.0.pkl
[INFO: inference.py:  200]: Loading checkpoint /Users/sampathrapuri/Desktop/fast/FastSurfer/checkpoints/aparc_vinn_sagittal_v2.0.0.pkl
[INFO: inference.py:  200]: Loading checkpoint /Users/sampathrapuri/Desktop/fast/FastSurfer/checkpoints/aparc_vinn_axial_v2.0.0.pkl
[INFO: common.py:  820]: Single subject with absolute file path for input.
[INFO: common.py:  833]: No subjects directory specified, but the parent directory of the output file /Users/sampathrapuri/Desktop/fast/MIA_test/54/mri/aparc.DKTatlas+aseg.deep.mgz is 'mri', so we are assuming this is the 'mri' folder in the subject directory.
[INFO: common.py:  875]: Analyzing single subject /Users/sampathrapuri/Desktop/fast/MIA_test/subject_54_t1w_reg.nii.gz
[INFO: common.py:  970]: Output will be stored in Subjects Directory: /Users/sampathrapuri/Desktop/fast/MIA_test
[INFO: run_prediction.py:  310]: Successfully loaded image from /Users/sampathrapuri/Desktop/fast/MIA_test/subject_54_t1w_reg.nii.gz.
[INFO: run_prediction.py:  430]: Successfully saved image   as /Users/sampathrapuri/Desktop/fast/MIA_test/54/mri/orig/001.mgz.
[INFO: run_prediction.py:  323]: Conforming image
[INFO: run_prediction.py:  430]: Successfully saved image   as /Users/sampathrapuri/Desktop/fast/MIA_test/54/mri/orig.mgz.
[INFO: run_prediction.py:  381]: Run coronal prediction
[INFO: dataset.py:   76]: Loading Coronal with input voxelsize (1.0, 1.0)
[INFO: inference.py:  352]: Inference on 256 batches for coronal successful
[INFO: inference.py:  414]: Coronal inference on /Users/sampathrapuri/Desktop/fast/MIA_test/subject_54_t1w_reg.nii.gz finished in 161.5299 seconds
[INFO: run_prediction.py:  381]: Run sagittal prediction
[INFO: dataset.py:   67]: Loading Sagittal with input voxelsize (1.0, 1.0)
[INFO: inference.py:  352]: Inference on 256 batches for sagittal successful
[INFO: inference.py:  414]: Sagittal inference on /Users/sampathrapuri/Desktop/fast/MIA_test/subject_54_t1w_reg.nii.gz finished in 117.2145 seconds
[INFO: run_prediction.py:  381]: Run axial prediction
[INFO: dataset.py:   72]: Loading Axial with input voxelsize (1.0, 1.0)
[INFO: inference.py:  352]: Inference on 256 batches for axial successful
[INFO: inference.py:  414]: Axial inference on /Users/sampathrapuri/Desktop/fast/MIA_test/subject_54_t1w_reg.nii.gz finished in 124.8961 seconds
[INFO: run_prediction.py:  430]: Successfully saved image   as /Users/sampathrapuri/Desktop/fast/MIA_test/54/mri/aparc.DKTatlas+aseg.deep.mgz.
[INFO: run_prediction.py:  584]: Creating brainmask based on segmentation...
[INFO: run_prediction.py:  430]: Successfully saved image   as /Users/sampathrapuri/Desktop/fast/MIA_test/54/mri/mask.mgz.
[INFO: run_prediction.py:  601]: Creating aseg based on segmentation...
[INFO: run_prediction.py:  430]: Successfully saved image   as /Users/sampathrapuri/Desktop/fast/MIA_test/54/mri/aseg.auto_noCCseg.mgz.
[INFO: run_prediction.py:  618]: Running volume-based QC check on segmentation...
INFO: Running N4 bias-field correction
/opt/anaconda3/envs/MIA_MRI/bin/python /Users/sampathrapuri/Desktop/fast/FastSurfer/recon_surf/N4_bias_correct.py --in /Users/sampathrapuri/Desktop/fast/MIA_test/54/mri/orig.mgz --rescale /Users/sampathrapuri/Desktop/fast/MIA_test/54/mri/orig_nu.mgz --aseg /Users/sampathrapuri/Desktop/fast/MIA_test/54/mri/aparc.DKTatlas+aseg.deep.mgz --threads 1
/opt/anaconda3/envs/MIA_MRI/bin/python /Users/sampathrapuri/Desktop/fast/FastSurfer/FastSurferCNN/segstats.py --segfile /Users/sampathrapuri/Desktop/fast/MIA_test/54/mri/aparc.DKTatlas+aseg.deep.mgz --segstatsfile /Users/sampathrapuri/Desktop/fast/MIA_test/54/stats/aseg+DKT.stats --normfile /Users/sampathrapuri/Desktop/fast/MIA_test/54/mri/orig_nu.mgz  --empty --excludeid 0 --ids 2 4 5 7 8 10 11 12 13 14 15 16 17 18 24 26 28 31 41 43 44 46 47 49 50 51 52 53 54 58 60 63 77 251 252 253 254 255 1002 1003 1005 1006 1007 1008 1009 1010 1011 1012 1013 1014 1015 1016 1017 1018 1019 1020 1021 1022 1023 1024 1025 1026 1027 1028 1029 1030 1031 1034 1035 2002 2003 2005 2006 2007 2008 2009 2010 2011 2012 2013 2014 2015 2016 2017 2018 2019 2020 2021 2022 2023 2024 2025 2026 2027 2028 2029 2030 2031 2034 2035 --lut /Users/sampathrapuri/Desktop/fast/FastSurfer/FastSurferCNN/config/FreeSurferColorLUT.txt --threads 1 
/Users/sampathrapuri/Desktop/fast/FastSurfer/FastSurferCNN/segstats.py:471: FutureWarning: The 'delim_whitespace' keyword in pd.read_csv is deprecated and will be removed in a future version. Use ``sep='\s+'`` instead
  return pd.read_csv(lut_file, delim_whitespace=True, index_col=False, skip_blank_lines=True,
Partial volume stats for 100 labels written to /Users/sampathrapuri/Desktop/fast/MIA_test/54/stats/aseg+DKT.stats.
Calculation took 11.60 seconds using up to 1 threads.
/opt/anaconda3/envs/MIA_MRI/bin/python /Users/sampathrapuri/Desktop/fast/FastSurfer/CerebNet/run_prediction.py --t1 /Users/sampathrapuri/Desktop/fast/MIA_test/subject_54_t1w_reg.nii.gz --asegdkt_segfile /Users/sampathrapuri/Desktop/fast/MIA_test/54/mri/aparc.DKTatlas+aseg.deep.mgz --conformed_name /Users/sampathrapuri/Desktop/fast/MIA_test/54/mri/orig.mgz --cereb_segfile /Users/sampathrapuri/Desktop/fast/MIA_test/54/mri/cerebellum.CerebNet.nii.gz --seg_log /Users/sampathrapuri/Desktop/fast/MIA_test/54/scripts/deep-seg.log --batch_size 1 --viewagg_device auto --device auto --async_io --threads 1 --norm_name /Users/sampathrapuri/Desktop/fast/MIA_test/54/mri/orig_nu.mgz --cereb_statsfile /Users/sampathrapuri/Desktop/fast/MIA_test/54/stats/cerebellum.CerebNet.stats 
